<?xml version="1.0" encoding="UTF-8"?>
<testsuite xmlns:xsi="http://www.w3.org/2001/XMLSchema-instance" xsi:noNamespaceSchemaLocation="https://maven.apache.org/surefire/maven-surefire-plugin/xsd/surefire-test-report-3.0.xsd" version="3.0" name="com.healthtrack.UsuarioTest" time="0.026" tests="5" errors="0" skipped="1" failures="0">
  <properties>
[...]
</properties>
  <testcase name="" classname="com.healthtrack.selenium.UsuarioUITest" time="0">
    <skipped message="System property [selenium.tests.enabled] does not exist"/>
  </testcase>
  <testcase name="testActualizarPeso" classname="com.healthtrack.UsuarioTest" time="0.014"/>
  <testcase name="testGetPeso" classname="com.healthtrack.UsuarioTest" time="0"/>
  <testcase name="testGetNombre" classname="com.healthtrack.UsuarioTest" time="0.001"/>
  <testcase name="testConstructor" classname="com.healthtrack.UsuarioTest" time="0"/>
</testsuite>